[0.012s] Invoking command in '/home/adam/dev_ws/build/basic_mobile_robot': /home/adam/.local/bin/cmake --build /home/adam/dev_ws/build/basic_mobile_robot -- -j8 -l8
[0.081s] -- Found ament_cmake: 1.3.8 (/opt/ros/humble/share/ament_cmake/cmake)
[0.245s] -- Found ament_lint_auto: 0.12.10 (/opt/ros/humble/share/ament_lint_auto/cmake)
[0.303s] -- Added test 'copyright' to check source files copyright and LICENSE
[0.305s] -- Added test 'flake8' to check Python code syntax and style conventions
[0.305s] -- Added test 'lint_cmake' to check CMake code style
[0.305s] -- Added test 'pep257' to check Python code against some of the docstring style conventions in PEP 257
[0.306s] -- Added test 'xmllint' to check XML markup files
[0.307s] -- Configuring done (0.2s)
[0.309s] -- Generating done (0.0s)
[0.309s] -- Build files have been written to: /home/adam/dev_ws/build/basic_mobile_robot
[0.333s] Invoked command in '/home/adam/dev_ws/build/basic_mobile_robot' returned '0': /home/adam/.local/bin/cmake --build /home/adam/dev_ws/build/basic_mobile_robot -- -j8 -l8
[0.578s] Invoking command in '/home/adam/dev_ws/build/basic_mobile_robot': /home/adam/.local/bin/cmake --install /home/adam/dev_ws/build/basic_mobile_robot
[0.634s] -- Install configuration: ""
[0.634s] -- Up-to-date: /home/adam/dev_ws/install/basic_mobile_robot/share/basic_mobile_robot/config
[0.634s] -- Up-to-date: /home/adam/dev_ws/install/basic_mobile_robot/share/basic_mobile_robot/launch
[0.634s] -- Up-to-date: /home/adam/dev_ws/install/basic_mobile_robot/share/basic_mobile_robot/launch/basic_mobile_bot_v1.launch.py
[0.634s] -- Up-to-date: /home/adam/dev_ws/install/basic_mobile_robot/share/basic_mobile_robot/maps
[0.634s] -- Up-to-date: /home/adam/dev_ws/install/basic_mobile_robot/share/basic_mobile_robot/meshes
[0.635s] -- Up-to-date: /home/adam/dev_ws/install/basic_mobile_robot/share/basic_mobile_robot/meshes/wheel.stl
[0.635s] -- Up-to-date: /home/adam/dev_ws/install/basic_mobile_robot/share/basic_mobile_robot/meshes/robot_base.stl
[0.635s] -- Up-to-date: /home/adam/dev_ws/install/basic_mobile_robot/share/basic_mobile_robot/meshes/arm_base.stl
[0.635s] -- Up-to-date: /home/adam/dev_ws/install/basic_mobile_robot/share/basic_mobile_robot/meshes/wrist.stl
[0.635s] -- Up-to-date: /home/adam/dev_ws/install/basic_mobile_robot/share/basic_mobile_robot/meshes/bicep.stl
[0.635s] -- Up-to-date: /home/adam/dev_ws/install/basic_mobile_robot/share/basic_mobile_robot/meshes/elbow.stl
[0.635s] -- Up-to-date: /home/adam/dev_ws/install/basic_mobile_robot/share/basic_mobile_robot/models
[0.635s] -- Up-to-date: /home/adam/dev_ws/install/basic_mobile_robot/share/basic_mobile_robot/models/basic_mobile_bot_v1.urdf
[0.635s] -- Up-to-date: /home/adam/dev_ws/install/basic_mobile_robot/share/basic_mobile_robot/params
[0.635s] -- Up-to-date: /home/adam/dev_ws/install/basic_mobile_robot/share/basic_mobile_robot/rviz
[0.635s] -- Installing: /home/adam/dev_ws/install/basic_mobile_robot/share/basic_mobile_robot/rviz/urdf_config.rviz
[0.635s] -- Up-to-date: /home/adam/dev_ws/install/basic_mobile_robot/share/basic_mobile_robot/src
[0.635s] -- Up-to-date: /home/adam/dev_ws/install/basic_mobile_robot/share/basic_mobile_robot/worlds
[0.635s] -- Up-to-date: /home/adam/dev_ws/install/basic_mobile_robot/share/ament_index/resource_index/package_run_dependencies/basic_mobile_robot
[0.635s] -- Up-to-date: /home/adam/dev_ws/install/basic_mobile_robot/share/ament_index/resource_index/parent_prefix_path/basic_mobile_robot
[0.635s] -- Up-to-date: /home/adam/dev_ws/install/basic_mobile_robot/share/basic_mobile_robot/environment/ament_prefix_path.sh
[0.635s] -- Installing: /home/adam/dev_ws/install/basic_mobile_robot/share/basic_mobile_robot/environment/ament_prefix_path.dsv
[0.635s] -- Up-to-date: /home/adam/dev_ws/install/basic_mobile_robot/share/basic_mobile_robot/environment/path.sh
[0.636s] -- Installing: /home/adam/dev_ws/install/basic_mobile_robot/share/basic_mobile_robot/environment/path.dsv
[0.636s] -- Up-to-date: /home/adam/dev_ws/install/basic_mobile_robot/share/basic_mobile_robot/local_setup.bash
[0.636s] -- Up-to-date: /home/adam/dev_ws/install/basic_mobile_robot/share/basic_mobile_robot/local_setup.sh
[0.636s] -- Up-to-date: /home/adam/dev_ws/install/basic_mobile_robot/share/basic_mobile_robot/local_setup.zsh
[0.636s] -- Installing: /home/adam/dev_ws/install/basic_mobile_robot/share/basic_mobile_robot/local_setup.dsv
[0.636s] -- Installing: /home/adam/dev_ws/install/basic_mobile_robot/share/basic_mobile_robot/package.dsv
[0.636s] -- Up-to-date: /home/adam/dev_ws/install/basic_mobile_robot/share/ament_index/resource_index/packages/basic_mobile_robot
[0.636s] -- Up-to-date: /home/adam/dev_ws/install/basic_mobile_robot/share/basic_mobile_robot/cmake/basic_mobile_robotConfig.cmake
[0.636s] -- Up-to-date: /home/adam/dev_ws/install/basic_mobile_robot/share/basic_mobile_robot/cmake/basic_mobile_robotConfig-version.cmake
[0.636s] -- Installing: /home/adam/dev_ws/install/basic_mobile_robot/share/basic_mobile_robot/package.xml
[0.645s] Invoked command in '/home/adam/dev_ws/build/basic_mobile_robot' returned '0': /home/adam/.local/bin/cmake --install /home/adam/dev_ws/build/basic_mobile_robot
