[0.011s] Invoking command in '/home/adam/dev_ws/build/basic_mobile_robot': CMAKE_PREFIX_PATH=/home/adam/nav2_ws/install/nav2_simple_commander:/opt/ros/humble:${CMAKE_PREFIX_PATH} /home/adam/.local/bin/cmake --build /home/adam/dev_ws/build/basic_mobile_robot -- -j8 -l8
[0.089s] Invoked command in '/home/adam/dev_ws/build/basic_mobile_robot' returned '0': CMAKE_PREFIX_PATH=/home/adam/nav2_ws/install/nav2_simple_commander:/opt/ros/humble:${CMAKE_PREFIX_PATH} /home/adam/.local/bin/cmake --build /home/adam/dev_ws/build/basic_mobile_robot -- -j8 -l8
[0.246s] Invoking command in '/home/adam/dev_ws/build/basic_mobile_robot': CMAKE_PREFIX_PATH=/home/adam/nav2_ws/install/nav2_simple_commander:/opt/ros/humble:${CMAKE_PREFIX_PATH} /home/adam/.local/bin/cmake --install /home/adam/dev_ws/build/basic_mobile_robot
[0.300s] -- Install configuration: ""
[0.300s] -- Up-to-date: /home/adam/dev_ws/install/basic_mobile_robot/share/basic_mobile_robot/config
[0.300s] -- Up-to-date: /home/adam/dev_ws/install/basic_mobile_robot/share/basic_mobile_robot/config/ekf.yaml
[0.301s] -- Up-to-date: /home/adam/dev_ws/install/basic_mobile_robot/share/basic_mobile_robot/launch
[0.301s] -- Installing: /home/adam/dev_ws/install/basic_mobile_robot/share/basic_mobile_robot/launch/second_launch.py
[0.301s] -- Up-to-date: /home/adam/dev_ws/install/basic_mobile_robot/share/basic_mobile_robot/launch/basic_mobile_bot_v1.launch.py
[0.301s] -- Up-to-date: /home/adam/dev_ws/install/basic_mobile_robot/share/basic_mobile_robot/launch/basic_mobile_bot_v3.launch.py
[0.301s] -- Up-to-date: /home/adam/dev_ws/install/basic_mobile_robot/share/basic_mobile_robot/launch/basic_mobile_bot_v2.launch.py
[0.301s] -- Up-to-date: /home/adam/dev_ws/install/basic_mobile_robot/share/basic_mobile_robot/maps
[0.301s] -- Up-to-date: /home/adam/dev_ws/install/basic_mobile_robot/share/basic_mobile_robot/meshes
[0.301s] -- Up-to-date: /home/adam/dev_ws/install/basic_mobile_robot/share/basic_mobile_robot/meshes/wheel.stl
[0.301s] -- Up-to-date: /home/adam/dev_ws/install/basic_mobile_robot/share/basic_mobile_robot/meshes/robot_base.stl
[0.301s] -- Up-to-date: /home/adam/dev_ws/install/basic_mobile_robot/share/basic_mobile_robot/meshes/arm_base.stl
[0.302s] -- Up-to-date: /home/adam/dev_ws/install/basic_mobile_robot/share/basic_mobile_robot/meshes/wrist.stl
[0.302s] -- Up-to-date: /home/adam/dev_ws/install/basic_mobile_robot/share/basic_mobile_robot/meshes/bicep.stl
[0.302s] -- Up-to-date: /home/adam/dev_ws/install/basic_mobile_robot/share/basic_mobile_robot/meshes/elbow.stl
[0.302s] -- Up-to-date: /home/adam/dev_ws/install/basic_mobile_robot/share/basic_mobile_robot/models
[0.302s] -- Up-to-date: /home/adam/dev_ws/install/basic_mobile_robot/share/basic_mobile_robot/models/basic_mobile_bot_description
[0.302s] -- Up-to-date: /home/adam/dev_ws/install/basic_mobile_robot/share/basic_mobile_robot/models/basic_mobile_bot_description/meshes
[0.302s] -- Up-to-date: /home/adam/dev_ws/install/basic_mobile_robot/share/basic_mobile_robot/models/basic_mobile_bot_description/meshes/wheel.stl
[0.302s] -- Up-to-date: /home/adam/dev_ws/install/basic_mobile_robot/share/basic_mobile_robot/models/basic_mobile_bot_description/meshes/robot_base.stl
[0.302s] -- Up-to-date: /home/adam/dev_ws/install/basic_mobile_robot/share/basic_mobile_robot/models/basic_mobile_bot_description/meshes/arm_base.stl
[0.302s] -- Up-to-date: /home/adam/dev_ws/install/basic_mobile_robot/share/basic_mobile_robot/models/basic_mobile_bot_description/meshes/wrist.stl
[0.302s] -- Up-to-date: /home/adam/dev_ws/install/basic_mobile_robot/share/basic_mobile_robot/models/basic_mobile_bot_description/meshes/bicep.stl
[0.302s] -- Up-to-date: /home/adam/dev_ws/install/basic_mobile_robot/share/basic_mobile_robot/models/basic_mobile_bot_description/meshes/elbow.stl
[0.302s] -- Up-to-date: /home/adam/dev_ws/install/basic_mobile_robot/share/basic_mobile_robot/models/basic_mobile_bot_description/model.config
[0.302s] -- Up-to-date: /home/adam/dev_ws/install/basic_mobile_robot/share/basic_mobile_robot/models/basic_mobile_bot_description/model.sdf
[0.302s] -- Up-to-date: /home/adam/dev_ws/install/basic_mobile_robot/share/basic_mobile_robot/models/basic_mobile_bot_v1.urdf
[0.302s] -- Up-to-date: /home/adam/dev_ws/install/basic_mobile_robot/share/basic_mobile_robot/params
[0.302s] -- Up-to-date: /home/adam/dev_ws/install/basic_mobile_robot/share/basic_mobile_robot/rviz
[0.302s] -- Up-to-date: /home/adam/dev_ws/install/basic_mobile_robot/share/basic_mobile_robot/rviz/urdf_config.rviz
[0.303s] -- Up-to-date: /home/adam/dev_ws/install/basic_mobile_robot/share/basic_mobile_robot/src
[0.303s] -- Installing: /home/adam/dev_ws/install/basic_mobile_robot/share/basic_mobile_robot/src/my_plotter_node.py
[0.303s] -- Up-to-date: /home/adam/dev_ws/install/basic_mobile_robot/share/basic_mobile_robot/worlds
[0.303s] -- Up-to-date: /home/adam/dev_ws/install/basic_mobile_robot/share/basic_mobile_robot/worlds/basic_mobile_bot_world
[0.303s] -- Up-to-date: /home/adam/dev_ws/install/basic_mobile_robot/share/basic_mobile_robot/worlds/basic_mobile_bot_world/smalltown.world
[0.303s] -- Up-to-date: /home/adam/dev_ws/install/basic_mobile_robot/share/ament_index/resource_index/package_run_dependencies/basic_mobile_robot
[0.303s] -- Up-to-date: /home/adam/dev_ws/install/basic_mobile_robot/share/ament_index/resource_index/parent_prefix_path/basic_mobile_robot
[0.303s] -- Up-to-date: /home/adam/dev_ws/install/basic_mobile_robot/share/basic_mobile_robot/environment/ament_prefix_path.sh
[0.303s] -- Up-to-date: /home/adam/dev_ws/install/basic_mobile_robot/share/basic_mobile_robot/environment/ament_prefix_path.dsv
[0.303s] -- Up-to-date: /home/adam/dev_ws/install/basic_mobile_robot/share/basic_mobile_robot/environment/path.sh
[0.303s] -- Up-to-date: /home/adam/dev_ws/install/basic_mobile_robot/share/basic_mobile_robot/environment/path.dsv
[0.303s] -- Up-to-date: /home/adam/dev_ws/install/basic_mobile_robot/share/basic_mobile_robot/local_setup.bash
[0.303s] -- Up-to-date: /home/adam/dev_ws/install/basic_mobile_robot/share/basic_mobile_robot/local_setup.sh
[0.303s] -- Up-to-date: /home/adam/dev_ws/install/basic_mobile_robot/share/basic_mobile_robot/local_setup.zsh
[0.303s] -- Up-to-date: /home/adam/dev_ws/install/basic_mobile_robot/share/basic_mobile_robot/local_setup.dsv
[0.303s] -- Installing: /home/adam/dev_ws/install/basic_mobile_robot/share/basic_mobile_robot/package.dsv
[0.303s] -- Up-to-date: /home/adam/dev_ws/install/basic_mobile_robot/share/ament_index/resource_index/packages/basic_mobile_robot
[0.303s] -- Up-to-date: /home/adam/dev_ws/install/basic_mobile_robot/share/basic_mobile_robot/cmake/basic_mobile_robotConfig.cmake
[0.303s] -- Up-to-date: /home/adam/dev_ws/install/basic_mobile_robot/share/basic_mobile_robot/cmake/basic_mobile_robotConfig-version.cmake
[0.303s] -- Up-to-date: /home/adam/dev_ws/install/basic_mobile_robot/share/basic_mobile_robot/package.xml
[0.312s] Invoked command in '/home/adam/dev_ws/build/basic_mobile_robot' returned '0': CMAKE_PREFIX_PATH=/home/adam/nav2_ws/install/nav2_simple_commander:/opt/ros/humble:${CMAKE_PREFIX_PATH} /home/adam/.local/bin/cmake --install /home/adam/dev_ws/build/basic_mobile_robot
