-- Found ament_cmake: 1.3.8 (/opt/ros/humble/share/ament_cmake/cmake)
-- Found ament_lint_auto: 0.12.10 (/opt/ros/humble/share/ament_lint_auto/cmake)
-- Added test 'lint_cmake' to check CMake code style
-- Added test 'xmllint' to check XML markup files
-- Configuring done (0.2s)
-- Generating done (0.0s)
[33mCMake Warning:
  Manually-specified variables were not used by the project:

    CATKIN_INSTALL_INTO_PREFIX_ROOT

[0m
-- Build files have been written to: /home/adam/dev_ws/build/basic_mobile_robot
-- Install configuration: ""
-- Installing: /home/adam/dev_ws/install/basic_mobile_robot/share/ament_index/resource_index/package_run_dependencies/basic_mobile_robot
-- Installing: /home/adam/dev_ws/install/basic_mobile_robot/share/ament_index/resource_index/parent_prefix_path/basic_mobile_robot
-- Installing: /home/adam/dev_ws/install/basic_mobile_robot/share/basic_mobile_robot/environment/ament_prefix_path.sh
-- Installing: /home/adam/dev_ws/install/basic_mobile_robot/share/basic_mobile_robot/environment/ament_prefix_path.dsv
-- Installing: /home/adam/dev_ws/install/basic_mobile_robot/share/basic_mobile_robot/environment/path.sh
-- Installing: /home/adam/dev_ws/install/basic_mobile_robot/share/basic_mobile_robot/environment/path.dsv
-- Installing: /home/adam/dev_ws/install/basic_mobile_robot/share/basic_mobile_robot/local_setup.bash
-- Installing: /home/adam/dev_ws/install/basic_mobile_robot/share/basic_mobile_robot/local_setup.sh
-- Installing: /home/adam/dev_ws/install/basic_mobile_robot/share/basic_mobile_robot/local_setup.zsh
-- Installing: /home/adam/dev_ws/install/basic_mobile_robot/share/basic_mobile_robot/local_setup.dsv
-- Installing: /home/adam/dev_ws/install/basic_mobile_robot/share/basic_mobile_robot/package.dsv
-- Installing: /home/adam/dev_ws/install/basic_mobile_robot/share/ament_index/resource_index/packages/basic_mobile_robot
-- Installing: /home/adam/dev_ws/install/basic_mobile_robot/share/basic_mobile_robot/cmake/basic_mobile_robotConfig.cmake
-- Installing: /home/adam/dev_ws/install/basic_mobile_robot/share/basic_mobile_robot/cmake/basic_mobile_robotConfig-version.cmake
-- Installing: /home/adam/dev_ws/install/basic_mobile_robot/share/basic_mobile_robot/package.xml
