[0.012s] Invoking command in '/home/adam/dev_ws/build/basic_mobile_robot': /home/adam/.local/bin/cmake /home/adam/dev_ws/src/basic_mobile_robot -DCATKIN_INSTALL_INTO_PREFIX_ROOT=0 -DCMAKE_INSTALL_PREFIX=/home/adam/dev_ws/install/basic_mobile_robot
[0.071s] -- Found ament_cmake: 1.3.8 (/opt/ros/humble/share/ament_cmake/cmake)
[0.232s] -- Found ament_lint_auto: 0.12.10 (/opt/ros/humble/share/ament_lint_auto/cmake)
[0.303s] -- Added test 'lint_cmake' to check CMake code style
[0.304s] -- Added test 'xmllint' to check XML markup files
[0.306s] -- Configuring done (0.2s)
[0.308s] -- Generating done (0.0s)
[0.309s] [33mCMake Warning:
[0.309s]   Manually-specified variables were not used by the project:
[0.309s] 
[0.309s]     CATKIN_INSTALL_INTO_PREFIX_ROOT
[0.309s] 
[0.309s] [0m
[0.309s] -- Build files have been written to: /home/adam/dev_ws/build/basic_mobile_robot
[0.320s] Invoked command in '/home/adam/dev_ws/build/basic_mobile_robot' returned '0': /home/adam/.local/bin/cmake /home/adam/dev_ws/src/basic_mobile_robot -DCATKIN_INSTALL_INTO_PREFIX_ROOT=0 -DCMAKE_INSTALL_PREFIX=/home/adam/dev_ws/install/basic_mobile_robot
[0.321s] Invoking command in '/home/adam/dev_ws/build/basic_mobile_robot': /home/adam/.local/bin/cmake --build /home/adam/dev_ws/build/basic_mobile_robot -- -j8 -l8
[0.401s] Invoked command in '/home/adam/dev_ws/build/basic_mobile_robot' returned '0': /home/adam/.local/bin/cmake --build /home/adam/dev_ws/build/basic_mobile_robot -- -j8 -l8
[0.650s] Invoking command in '/home/adam/dev_ws/build/basic_mobile_robot': /home/adam/.local/bin/cmake --install /home/adam/dev_ws/build/basic_mobile_robot
[0.705s] -- Install configuration: ""
[0.705s] -- Installing: /home/adam/dev_ws/install/basic_mobile_robot/share/ament_index/resource_index/package_run_dependencies/basic_mobile_robot
[0.705s] -- Installing: /home/adam/dev_ws/install/basic_mobile_robot/share/ament_index/resource_index/parent_prefix_path/basic_mobile_robot
[0.705s] -- Installing: /home/adam/dev_ws/install/basic_mobile_robot/share/basic_mobile_robot/environment/ament_prefix_path.sh
[0.705s] -- Installing: /home/adam/dev_ws/install/basic_mobile_robot/share/basic_mobile_robot/environment/ament_prefix_path.dsv
[0.705s] -- Installing: /home/adam/dev_ws/install/basic_mobile_robot/share/basic_mobile_robot/environment/path.sh
[0.705s] -- Installing: /home/adam/dev_ws/install/basic_mobile_robot/share/basic_mobile_robot/environment/path.dsv
[0.705s] -- Installing: /home/adam/dev_ws/install/basic_mobile_robot/share/basic_mobile_robot/local_setup.bash
[0.706s] -- Installing: /home/adam/dev_ws/install/basic_mobile_robot/share/basic_mobile_robot/local_setup.sh
[0.706s] -- Installing: /home/adam/dev_ws/install/basic_mobile_robot/share/basic_mobile_robot/local_setup.zsh
[0.706s] -- Installing: /home/adam/dev_ws/install/basic_mobile_robot/share/basic_mobile_robot/local_setup.dsv
[0.706s] -- Installing: /home/adam/dev_ws/install/basic_mobile_robot/share/basic_mobile_robot/package.dsv
[0.706s] -- Installing: /home/adam/dev_ws/install/basic_mobile_robot/share/ament_index/resource_index/packages/basic_mobile_robot
[0.706s] -- Installing: /home/adam/dev_ws/install/basic_mobile_robot/share/basic_mobile_robot/cmake/basic_mobile_robotConfig.cmake
[0.706s] -- Installing: /home/adam/dev_ws/install/basic_mobile_robot/share/basic_mobile_robot/cmake/basic_mobile_robotConfig-version.cmake
[0.706s] -- Installing: /home/adam/dev_ws/install/basic_mobile_robot/share/basic_mobile_robot/package.xml
[0.716s] Invoked command in '/home/adam/dev_ws/build/basic_mobile_robot' returned '0': /home/adam/.local/bin/cmake --install /home/adam/dev_ws/build/basic_mobile_robot
