[0.015s] Invoking command in '/home/adam/dev_ws/build/basic_mobile_robot': CMAKE_PREFIX_PATH=/home/adam/nav2_ws/install/nav2_simple_commander:/opt/ros/humble:${CMAKE_PREFIX_PATH} /home/adam/.local/bin/cmake /home/adam/dev_ws/src/basic_mobile_robot -DCMAKE_INSTALL_PREFIX=/home/adam/dev_ws/install/basic_mobile_robot
[0.123s] -- Found ament_cmake: 1.3.8 (/opt/ros/humble/share/ament_cmake/cmake)
[0.330s] -- Found ament_lint_auto: 0.12.10 (/opt/ros/humble/share/ament_lint_auto/cmake)
[0.390s] -- Added test 'copyright' to check source files copyright and LICENSE
[0.393s] -- Added test 'flake8' to check Python code syntax and style conventions
[0.393s] -- Added test 'lint_cmake' to check CMake code style
[0.394s] -- Added test 'pep257' to check Python code against some of the docstring style conventions in PEP 257
[0.395s] -- Added test 'xmllint' to check XML markup files
[0.396s] -- Configuring done (0.3s)
[0.401s] -- Generating done (0.0s)
[0.402s] -- Build files have been written to: /home/adam/dev_ws/build/basic_mobile_robot
[0.415s] Invoked command in '/home/adam/dev_ws/build/basic_mobile_robot' returned '0': CMAKE_PREFIX_PATH=/home/adam/nav2_ws/install/nav2_simple_commander:/opt/ros/humble:${CMAKE_PREFIX_PATH} /home/adam/.local/bin/cmake /home/adam/dev_ws/src/basic_mobile_robot -DCMAKE_INSTALL_PREFIX=/home/adam/dev_ws/install/basic_mobile_robot
[0.418s] Invoking command in '/home/adam/dev_ws/build/basic_mobile_robot': CMAKE_PREFIX_PATH=/home/adam/nav2_ws/install/nav2_simple_commander:/opt/ros/humble:${CMAKE_PREFIX_PATH} /home/adam/.local/bin/cmake --build /home/adam/dev_ws/build/basic_mobile_robot -- -j8 -l8
[0.503s] Invoked command in '/home/adam/dev_ws/build/basic_mobile_robot' returned '0': CMAKE_PREFIX_PATH=/home/adam/nav2_ws/install/nav2_simple_commander:/opt/ros/humble:${CMAKE_PREFIX_PATH} /home/adam/.local/bin/cmake --build /home/adam/dev_ws/build/basic_mobile_robot -- -j8 -l8
[0.659s] Invoking command in '/home/adam/dev_ws/build/basic_mobile_robot': CMAKE_PREFIX_PATH=/home/adam/nav2_ws/install/nav2_simple_commander:/opt/ros/humble:${CMAKE_PREFIX_PATH} /home/adam/.local/bin/cmake --install /home/adam/dev_ws/build/basic_mobile_robot
[0.712s] -- Install configuration: ""
[0.712s] -- Up-to-date: /home/adam/dev_ws/install/basic_mobile_robot/share/basic_mobile_robot/config
[0.712s] -- Up-to-date: /home/adam/dev_ws/install/basic_mobile_robot/share/basic_mobile_robot/launch
[0.719s] -- Installing: /home/adam/dev_ws/install/basic_mobile_robot/share/basic_mobile_robot/launch/basic_mobile_bot_v1.launch.py
[0.719s] -- Up-to-date: /home/adam/dev_ws/install/basic_mobile_robot/share/basic_mobile_robot/maps
[0.719s] -- Up-to-date: /home/adam/dev_ws/install/basic_mobile_robot/share/basic_mobile_robot/meshes
[0.719s] -- Up-to-date: /home/adam/dev_ws/install/basic_mobile_robot/share/basic_mobile_robot/meshes/wheel.stl
[0.719s] -- Up-to-date: /home/adam/dev_ws/install/basic_mobile_robot/share/basic_mobile_robot/meshes/robot_base.stl
[0.719s] -- Up-to-date: /home/adam/dev_ws/install/basic_mobile_robot/share/basic_mobile_robot/meshes/arm_base.stl
[0.719s] -- Up-to-date: /home/adam/dev_ws/install/basic_mobile_robot/share/basic_mobile_robot/meshes/wrist.stl
[0.719s] -- Up-to-date: /home/adam/dev_ws/install/basic_mobile_robot/share/basic_mobile_robot/meshes/bicep.stl
[0.720s] -- Up-to-date: /home/adam/dev_ws/install/basic_mobile_robot/share/basic_mobile_robot/meshes/elbow.stl
[0.720s] -- Up-to-date: /home/adam/dev_ws/install/basic_mobile_robot/share/basic_mobile_robot/models
[0.720s] -- Installing: /home/adam/dev_ws/install/basic_mobile_robot/share/basic_mobile_robot/models/basic_mobile_bot_v1.urdf
[0.720s] -- Up-to-date: /home/adam/dev_ws/install/basic_mobile_robot/share/basic_mobile_robot/params
[0.720s] -- Up-to-date: /home/adam/dev_ws/install/basic_mobile_robot/share/basic_mobile_robot/rviz
[0.720s] -- Up-to-date: /home/adam/dev_ws/install/basic_mobile_robot/share/basic_mobile_robot/rviz/urdf_config.rviz
[0.720s] -- Up-to-date: /home/adam/dev_ws/install/basic_mobile_robot/share/basic_mobile_robot/src
[0.720s] -- Up-to-date: /home/adam/dev_ws/install/basic_mobile_robot/share/basic_mobile_robot/worlds
[0.720s] -- Installing: /home/adam/dev_ws/install/basic_mobile_robot/share/ament_index/resource_index/package_run_dependencies/basic_mobile_robot
[0.720s] -- Up-to-date: /home/adam/dev_ws/install/basic_mobile_robot/share/ament_index/resource_index/parent_prefix_path/basic_mobile_robot
[0.720s] -- Up-to-date: /home/adam/dev_ws/install/basic_mobile_robot/share/basic_mobile_robot/environment/ament_prefix_path.sh
[0.720s] -- Installing: /home/adam/dev_ws/install/basic_mobile_robot/share/basic_mobile_robot/environment/ament_prefix_path.dsv
[0.720s] -- Up-to-date: /home/adam/dev_ws/install/basic_mobile_robot/share/basic_mobile_robot/environment/path.sh
[0.720s] -- Installing: /home/adam/dev_ws/install/basic_mobile_robot/share/basic_mobile_robot/environment/path.dsv
[0.720s] -- Up-to-date: /home/adam/dev_ws/install/basic_mobile_robot/share/basic_mobile_robot/local_setup.bash
[0.720s] -- Up-to-date: /home/adam/dev_ws/install/basic_mobile_robot/share/basic_mobile_robot/local_setup.sh
[0.720s] -- Up-to-date: /home/adam/dev_ws/install/basic_mobile_robot/share/basic_mobile_robot/local_setup.zsh
[0.720s] -- Installing: /home/adam/dev_ws/install/basic_mobile_robot/share/basic_mobile_robot/local_setup.dsv
[0.720s] -- Installing: /home/adam/dev_ws/install/basic_mobile_robot/share/basic_mobile_robot/package.dsv
[0.720s] -- Up-to-date: /home/adam/dev_ws/install/basic_mobile_robot/share/ament_index/resource_index/packages/basic_mobile_robot
[0.720s] -- Up-to-date: /home/adam/dev_ws/install/basic_mobile_robot/share/basic_mobile_robot/cmake/basic_mobile_robotConfig.cmake
[0.720s] -- Up-to-date: /home/adam/dev_ws/install/basic_mobile_robot/share/basic_mobile_robot/cmake/basic_mobile_robotConfig-version.cmake
[0.721s] -- Installing: /home/adam/dev_ws/install/basic_mobile_robot/share/basic_mobile_robot/package.xml
[0.731s] Invoked command in '/home/adam/dev_ws/build/basic_mobile_robot' returned '0': CMAKE_PREFIX_PATH=/home/adam/nav2_ws/install/nav2_simple_commander:/opt/ros/humble:${CMAKE_PREFIX_PATH} /home/adam/.local/bin/cmake --install /home/adam/dev_ws/build/basic_mobile_robot
