[0.098s] DEBUG:colcon:Command line arguments: ['/home/adam/.local/bin/colcon', 'build']
[0.098s] DEBUG:colcon:Parsed command line arguments: Namespace(log_base=None, log_level=None, verb_name='build', build_base='build', install_base='install', merge_install=False, symlink_install=False, test_result_base=None, continue_on_error=False, executor='parallel', parallel_workers=8, event_handlers=None, ignore_user_meta=False, metas=['./colcon.meta'], base_paths=['.'], packages_ignore=None, packages_ignore_regex=None, paths=None, packages_up_to=None, packages_up_to_regex=None, packages_above=None, packages_above_and_dependencies=None, packages_above_depth=None, packages_select_by_dep=None, packages_skip_by_dep=None, packages_skip_up_to=None, packages_select_build_failed=False, packages_skip_build_finished=False, packages_select_test_failures=False, packages_skip_test_passed=False, packages_select=None, packages_skip=None, packages_select_regex=None, packages_skip_regex=None, packages_start=None, packages_end=None, allow_overriding=[], cmake_args=None, cmake_target=None, cmake_target_skip_unavailable=False, cmake_clean_cache=False, cmake_clean_first=False, cmake_force_configure=False, ament_cmake_args=None, catkin_cmake_args=None, catkin_skip_building_tests=False, verb_parser=<colcon_defaults.argument_parser.defaults.DefaultArgumentsDecorator object at 0x757f8c11e410>, verb_extension=<colcon_core.verb.build.BuildVerb object at 0x757f8c29e7d0>, main=<bound method BuildVerb.main of <colcon_core.verb.build.BuildVerb object at 0x757f8c29e7d0>>)
[0.234s] Level 1:colcon.colcon_core.package_discovery:discover_packages(colcon_meta) check parameters
[0.235s] Level 1:colcon.colcon_core.package_discovery:discover_packages(recursive) check parameters
[0.235s] Level 1:colcon.colcon_core.package_discovery:discover_packages(ignore) check parameters
[0.235s] Level 1:colcon.colcon_core.package_discovery:discover_packages(path) check parameters
[0.235s] Level 1:colcon.colcon_core.package_discovery:discover_packages(colcon_meta) discover
[0.235s] Level 1:colcon.colcon_core.package_discovery:discover_packages(recursive) discover
[0.235s] INFO:colcon.colcon_core.package_discovery:Crawling recursively for packages in '/home/adam/dev_ws'
[0.235s] Level 1:colcon.colcon_core.package_identification:_identify(.) by extensions ['ignore', 'ignore_ament_install']
[0.235s] Level 1:colcon.colcon_core.package_identification:_identify(.) by extension 'ignore'
[0.235s] Level 1:colcon.colcon_core.package_identification:_identify(.) by extension 'ignore_ament_install'
[0.235s] Level 1:colcon.colcon_core.package_identification:_identify(.) by extensions ['colcon_pkg']
[0.235s] Level 1:colcon.colcon_core.package_identification:_identify(.) by extension 'colcon_pkg'
[0.235s] Level 1:colcon.colcon_core.package_identification:_identify(.) by extensions ['colcon_meta']
[0.235s] Level 1:colcon.colcon_core.package_identification:_identify(.) by extension 'colcon_meta'
[0.235s] Level 1:colcon.colcon_core.package_identification:_identify(.) by extensions ['ros']
[0.235s] Level 1:colcon.colcon_core.package_identification:_identify(.) by extension 'ros'
[0.242s] Level 1:colcon.colcon_core.package_identification:_identify(.) by extensions ['cmake', 'python']
[0.242s] Level 1:colcon.colcon_core.package_identification:_identify(.) by extension 'cmake'
[0.242s] Level 1:colcon.colcon_core.package_identification:_identify(.) by extension 'python'
[0.242s] Level 1:colcon.colcon_core.package_identification:_identify(.) by extensions ['python_setup_py']
[0.242s] Level 1:colcon.colcon_core.package_identification:_identify(.) by extension 'python_setup_py'
[0.242s] Level 1:colcon.colcon_core.package_identification:_identify(build) by extensions ['ignore', 'ignore_ament_install']
[0.242s] Level 1:colcon.colcon_core.package_identification:_identify(build) by extension 'ignore'
[0.242s] Level 1:colcon.colcon_core.package_identification:_identify(build) ignored
[0.242s] Level 1:colcon.colcon_core.package_identification:_identify(install) by extensions ['ignore', 'ignore_ament_install']
[0.243s] Level 1:colcon.colcon_core.package_identification:_identify(install) by extension 'ignore'
[0.243s] Level 1:colcon.colcon_core.package_identification:_identify(install) ignored
[0.243s] Level 1:colcon.colcon_core.package_identification:_identify(log) by extensions ['ignore', 'ignore_ament_install']
[0.243s] Level 1:colcon.colcon_core.package_identification:_identify(log) by extension 'ignore'
[0.243s] Level 1:colcon.colcon_core.package_identification:_identify(log) ignored
[0.243s] Level 1:colcon.colcon_core.package_identification:_identify(src) by extensions ['ignore', 'ignore_ament_install']
[0.243s] Level 1:colcon.colcon_core.package_identification:_identify(src) by extension 'ignore'
[0.243s] Level 1:colcon.colcon_core.package_identification:_identify(src) by extension 'ignore_ament_install'
[0.243s] Level 1:colcon.colcon_core.package_identification:_identify(src) by extensions ['colcon_pkg']
[0.243s] Level 1:colcon.colcon_core.package_identification:_identify(src) by extension 'colcon_pkg'
[0.243s] Level 1:colcon.colcon_core.package_identification:_identify(src) by extensions ['colcon_meta']
[0.243s] Level 1:colcon.colcon_core.package_identification:_identify(src) by extension 'colcon_meta'
[0.243s] Level 1:colcon.colcon_core.package_identification:_identify(src) by extensions ['ros']
[0.243s] Level 1:colcon.colcon_core.package_identification:_identify(src) by extension 'ros'
[0.243s] Level 1:colcon.colcon_core.package_identification:_identify(src) by extensions ['cmake', 'python']
[0.243s] Level 1:colcon.colcon_core.package_identification:_identify(src) by extension 'cmake'
[0.243s] Level 1:colcon.colcon_core.package_identification:_identify(src) by extension 'python'
[0.243s] Level 1:colcon.colcon_core.package_identification:_identify(src) by extensions ['python_setup_py']
[0.243s] Level 1:colcon.colcon_core.package_identification:_identify(src) by extension 'python_setup_py'
[0.243s] Level 1:colcon.colcon_core.package_identification:_identify(src/basic_mobile_robot) by extensions ['ignore', 'ignore_ament_install']
[0.243s] Level 1:colcon.colcon_core.package_identification:_identify(src/basic_mobile_robot) by extension 'ignore'
[0.243s] Level 1:colcon.colcon_core.package_identification:_identify(src/basic_mobile_robot) by extension 'ignore_ament_install'
[0.243s] Level 1:colcon.colcon_core.package_identification:_identify(src/basic_mobile_robot) by extensions ['colcon_pkg']
[0.243s] Level 1:colcon.colcon_core.package_identification:_identify(src/basic_mobile_robot) by extension 'colcon_pkg'
[0.243s] Level 1:colcon.colcon_core.package_identification:_identify(src/basic_mobile_robot) by extensions ['colcon_meta']
[0.243s] Level 1:colcon.colcon_core.package_identification:_identify(src/basic_mobile_robot) by extension 'colcon_meta'
[0.243s] Level 1:colcon.colcon_core.package_identification:_identify(src/basic_mobile_robot) by extensions ['ros']
[0.243s] Level 1:colcon.colcon_core.package_identification:_identify(src/basic_mobile_robot) by extension 'ros'
[0.246s] DEBUG:colcon.colcon_core.package_identification:Package 'src/basic_mobile_robot' with type 'ros.catkin' and name 'basic_mobile_robot'
[0.246s] Level 1:colcon.colcon_core.package_discovery:discover_packages(recursive) using defaults
[0.246s] Level 1:colcon.colcon_core.package_discovery:discover_packages(ignore) discover
[0.246s] Level 1:colcon.colcon_core.package_discovery:discover_packages(ignore) using defaults
[0.246s] Level 1:colcon.colcon_core.package_discovery:discover_packages(path) discover
[0.246s] Level 1:colcon.colcon_core.package_discovery:discover_packages(path) using defaults
[0.260s] Level 1:colcon.colcon_core.package_discovery:discover_packages(prefix_path) check parameters
[0.260s] Level 1:colcon.colcon_core.package_discovery:discover_packages(prefix_path) discover
[0.261s] WARNING:colcon.colcon_ros.prefix_path.ament:The path '/home/adam/dev_ws/install/turtlesim' in the environment variable AMENT_PREFIX_PATH doesn't exist
[0.261s] WARNING:colcon.colcon_ros.prefix_path.ament:The path '/home/adam/dev_ws/install/nav2_common' in the environment variable AMENT_PREFIX_PATH doesn't exist
[0.261s] WARNING:colcon.colcon_ros.prefix_path.catkin:The path '/home/adam/dev_ws/install/turtlesim' in the environment variable CMAKE_PREFIX_PATH doesn't exist
[0.261s] WARNING:colcon.colcon_ros.prefix_path.catkin:The path '/home/adam/dev_ws/install/nav2_common' in the environment variable CMAKE_PREFIX_PATH doesn't exist
[0.262s] DEBUG:colcon.colcon_installed_package_information.package_discovery:Found 39 installed packages in /home/adam/nav2_ws/install
[0.263s] DEBUG:colcon.colcon_installed_package_information.package_discovery:Found 0 installed packages in /home/adam/dev_ws/install
[0.264s] DEBUG:colcon.colcon_installed_package_information.package_discovery:Found 403 installed packages in /opt/ros/humble
[0.266s] Level 1:colcon.colcon_core.package_discovery:discover_packages(prefix_path) using defaults
[0.314s] Level 5:colcon.colcon_core.verb:set package 'basic_mobile_robot' build argument 'cmake_args' from command line to 'None'
[0.314s] Level 5:colcon.colcon_core.verb:set package 'basic_mobile_robot' build argument 'cmake_target' from command line to 'None'
[0.314s] Level 5:colcon.colcon_core.verb:set package 'basic_mobile_robot' build argument 'cmake_target_skip_unavailable' from command line to 'False'
[0.314s] Level 5:colcon.colcon_core.verb:set package 'basic_mobile_robot' build argument 'cmake_clean_cache' from command line to 'False'
[0.314s] Level 5:colcon.colcon_core.verb:set package 'basic_mobile_robot' build argument 'cmake_clean_first' from command line to 'False'
[0.314s] Level 5:colcon.colcon_core.verb:set package 'basic_mobile_robot' build argument 'cmake_force_configure' from command line to 'False'
[0.314s] Level 5:colcon.colcon_core.verb:set package 'basic_mobile_robot' build argument 'ament_cmake_args' from command line to 'None'
[0.314s] Level 5:colcon.colcon_core.verb:set package 'basic_mobile_robot' build argument 'catkin_cmake_args' from command line to 'None'
[0.314s] Level 5:colcon.colcon_core.verb:set package 'basic_mobile_robot' build argument 'catkin_skip_building_tests' from command line to 'False'
[0.314s] DEBUG:colcon.colcon_core.verb:Building package 'basic_mobile_robot' with the following arguments: {'ament_cmake_args': None, 'build_base': '/home/adam/dev_ws/build/basic_mobile_robot', 'catkin_cmake_args': None, 'catkin_skip_building_tests': False, 'cmake_args': None, 'cmake_clean_cache': False, 'cmake_clean_first': False, 'cmake_force_configure': False, 'cmake_target': None, 'cmake_target_skip_unavailable': False, 'install_base': '/home/adam/dev_ws/install/basic_mobile_robot', 'merge_install': False, 'path': '/home/adam/dev_ws/src/basic_mobile_robot', 'symlink_install': False, 'test_result_base': None}
[0.314s] INFO:colcon.colcon_core.executor:Executing jobs using 'parallel' executor
[0.315s] DEBUG:colcon.colcon_parallel_executor.executor.parallel:run_until_complete
[0.315s] INFO:colcon.colcon_ros.task.catkin.build:Building ROS package in '/home/adam/dev_ws/src/basic_mobile_robot' with build type 'catkin'
[0.316s] INFO:colcon.colcon_cmake.task.cmake.build:Building CMake package in '/home/adam/dev_ws/src/basic_mobile_robot'
[0.317s] INFO:colcon.colcon_core.plugin_system:Skipping extension 'colcon_core.shell.bat': Not used on non-Windows systems
[0.317s] INFO:colcon.colcon_core.shell:Skip shell extension 'powershell' for command environment: Not usable outside of PowerShell
[0.317s] DEBUG:colcon.colcon_core.shell:Skip shell extension 'dsv' for command environment
[0.328s] DEBUG:colcon.colcon_core.event_handler.log_command:Invoking command in '/home/adam/dev_ws/build/basic_mobile_robot': /home/adam/.local/bin/cmake /home/adam/dev_ws/src/basic_mobile_robot -DCATKIN_INSTALL_INTO_PREFIX_ROOT=0 -DCMAKE_INSTALL_PREFIX=/home/adam/dev_ws/install/basic_mobile_robot
[0.635s] DEBUG:colcon.colcon_core.event_handler.log_command:Invoked command in '/home/adam/dev_ws/build/basic_mobile_robot' returned '0': /home/adam/.local/bin/cmake /home/adam/dev_ws/src/basic_mobile_robot -DCATKIN_INSTALL_INTO_PREFIX_ROOT=0 -DCMAKE_INSTALL_PREFIX=/home/adam/dev_ws/install/basic_mobile_robot
[0.637s] DEBUG:colcon.colcon_core.event_handler.log_command:Invoking command in '/home/adam/dev_ws/build/basic_mobile_robot': /home/adam/.local/bin/cmake --build /home/adam/dev_ws/build/basic_mobile_robot -- -j8 -l8
[0.716s] DEBUG:colcon.colcon_core.event_handler.log_command:Invoked command in '/home/adam/dev_ws/build/basic_mobile_robot' returned '0': /home/adam/.local/bin/cmake --build /home/adam/dev_ws/build/basic_mobile_robot -- -j8 -l8
[0.965s] DEBUG:colcon.colcon_core.event_handler.log_command:Invoking command in '/home/adam/dev_ws/build/basic_mobile_robot': /home/adam/.local/bin/cmake --install /home/adam/dev_ws/build/basic_mobile_robot
[1.032s] DEBUG:colcon.colcon_core.event_handler.log_command:Invoked command in '/home/adam/dev_ws/build/basic_mobile_robot' returned '0': /home/adam/.local/bin/cmake --install /home/adam/dev_ws/build/basic_mobile_robot
[1.122s] Level 1:colcon.colcon_core.shell:create_environment_hook('basic_mobile_robot', 'ros_package_path')
[1.122s] INFO:colcon.colcon_core.shell:Creating environment hook '/home/adam/dev_ws/install/basic_mobile_robot/share/basic_mobile_robot/hook/ros_package_path.ps1'
[1.122s] INFO:colcon.colcon_core.shell:Creating environment descriptor '/home/adam/dev_ws/install/basic_mobile_robot/share/basic_mobile_robot/hook/ros_package_path.dsv'
[1.122s] INFO:colcon.colcon_core.shell:Creating environment hook '/home/adam/dev_ws/install/basic_mobile_robot/share/basic_mobile_robot/hook/ros_package_path.sh'
[1.123s] Level 1:colcon.colcon_core.shell:create_environment_hook('basic_mobile_robot', 'pkg_config_path')
[1.123s] INFO:colcon.colcon_core.shell:Creating environment hook '/home/adam/dev_ws/install/basic_mobile_robot/share/basic_mobile_robot/hook/pkg_config_path.ps1'
[1.123s] INFO:colcon.colcon_core.shell:Creating environment descriptor '/home/adam/dev_ws/install/basic_mobile_robot/share/basic_mobile_robot/hook/pkg_config_path.dsv'
[1.123s] INFO:colcon.colcon_core.shell:Creating environment hook '/home/adam/dev_ws/install/basic_mobile_robot/share/basic_mobile_robot/hook/pkg_config_path.sh'
[1.126s] Level 1:colcon.colcon_core.shell:create_environment_hook('basic_mobile_robot', 'pkg_config_path_multiarch')
[1.126s] INFO:colcon.colcon_core.shell:Creating environment hook '/home/adam/dev_ws/install/basic_mobile_robot/share/basic_mobile_robot/hook/pkg_config_path_multiarch.ps1'
[1.126s] INFO:colcon.colcon_core.shell:Creating environment descriptor '/home/adam/dev_ws/install/basic_mobile_robot/share/basic_mobile_robot/hook/pkg_config_path_multiarch.dsv'
[1.126s] INFO:colcon.colcon_core.shell:Creating environment hook '/home/adam/dev_ws/install/basic_mobile_robot/share/basic_mobile_robot/hook/pkg_config_path_multiarch.sh'
[1.127s] Level 1:colcon.colcon_core.environment:create_environment_scripts_only(basic_mobile_robot)
[1.129s] Level 1:colcon.colcon_core.environment:checking '/home/adam/dev_ws/install/basic_mobile_robot' for CMake module files
[1.129s] Level 1:colcon.colcon_core.environment:checking '/home/adam/dev_ws/install/basic_mobile_robot' for CMake config files
[1.129s] Level 1:colcon.colcon_core.shell:create_environment_hook('basic_mobile_robot', 'cmake_prefix_path')
[1.129s] INFO:colcon.colcon_core.shell:Creating environment hook '/home/adam/dev_ws/install/basic_mobile_robot/share/basic_mobile_robot/hook/cmake_prefix_path.ps1'
[1.130s] INFO:colcon.colcon_core.shell:Creating environment descriptor '/home/adam/dev_ws/install/basic_mobile_robot/share/basic_mobile_robot/hook/cmake_prefix_path.dsv'
[1.130s] INFO:colcon.colcon_core.shell:Creating environment hook '/home/adam/dev_ws/install/basic_mobile_robot/share/basic_mobile_robot/hook/cmake_prefix_path.sh'
[1.130s] Level 1:colcon.colcon_core.environment:checking '/home/adam/dev_ws/install/basic_mobile_robot/bin'
[1.130s] Level 1:colcon.colcon_core.environment:checking '/home/adam/dev_ws/install/basic_mobile_robot/lib/pkgconfig/basic_mobile_robot.pc'
[1.131s] Level 1:colcon.colcon_core.environment:checking '/home/adam/dev_ws/install/basic_mobile_robot/lib/python3.10/site-packages'
[1.131s] Level 1:colcon.colcon_core.environment:checking '/home/adam/dev_ws/install/basic_mobile_robot/bin'
[1.131s] INFO:colcon.colcon_core.shell:Creating package script '/home/adam/dev_ws/install/basic_mobile_robot/share/basic_mobile_robot/package.ps1'
[1.132s] INFO:colcon.colcon_core.shell:Creating package descriptor '/home/adam/dev_ws/install/basic_mobile_robot/share/basic_mobile_robot/package.dsv'
[1.132s] INFO:colcon.colcon_core.shell:Creating package script '/home/adam/dev_ws/install/basic_mobile_robot/share/basic_mobile_robot/package.sh'
[1.134s] INFO:colcon.colcon_core.shell:Creating package script '/home/adam/dev_ws/install/basic_mobile_robot/share/basic_mobile_robot/package.bash'
[1.134s] INFO:colcon.colcon_core.shell:Creating package script '/home/adam/dev_ws/install/basic_mobile_robot/share/basic_mobile_robot/package.zsh'
[1.135s] Level 1:colcon.colcon_core.environment:create_file_with_runtime_dependencies(/home/adam/dev_ws/install/basic_mobile_robot/share/colcon-core/packages/basic_mobile_robot)
[1.135s] DEBUG:colcon.colcon_parallel_executor.executor.parallel:closing loop
[1.135s] DEBUG:colcon.colcon_parallel_executor.executor.parallel:loop closed
[1.135s] DEBUG:colcon.colcon_parallel_executor.executor.parallel:run_until_complete finished with '0'
[1.135s] DEBUG:colcon.colcon_core.event_reactor:joining thread
[1.140s] INFO:colcon.colcon_core.plugin_system:Skipping extension 'colcon_notification.desktop_notification.terminal_notifier': Not used on non-Darwin systems
[1.140s] INFO:colcon.colcon_core.plugin_system:Skipping extension 'colcon_notification.desktop_notification.win32': Not used on non-Windows systems
[1.140s] INFO:colcon.colcon_notification.desktop_notification:Sending desktop notification using 'notify2'
[1.152s] DEBUG:colcon.colcon_core.event_reactor:joined thread
[1.153s] INFO:colcon.colcon_core.shell:Creating prefix script '/home/adam/dev_ws/install/local_setup.ps1'
[1.153s] INFO:colcon.colcon_core.shell:Creating prefix util module '/home/adam/dev_ws/install/_local_setup_util_ps1.py'
[1.154s] INFO:colcon.colcon_core.shell:Creating prefix chain script '/home/adam/dev_ws/install/setup.ps1'
[1.156s] INFO:colcon.colcon_core.shell:Creating prefix script '/home/adam/dev_ws/install/local_setup.sh'
[1.156s] INFO:colcon.colcon_core.shell:Creating prefix util module '/home/adam/dev_ws/install/_local_setup_util_sh.py'
[1.157s] INFO:colcon.colcon_core.shell:Creating prefix chain script '/home/adam/dev_ws/install/setup.sh'
[1.158s] INFO:colcon.colcon_core.shell:Creating prefix script '/home/adam/dev_ws/install/local_setup.bash'
[1.159s] INFO:colcon.colcon_core.shell:Creating prefix chain script '/home/adam/dev_ws/install/setup.bash'
[1.160s] INFO:colcon.colcon_core.shell:Creating prefix script '/home/adam/dev_ws/install/local_setup.zsh'
[1.161s] INFO:colcon.colcon_core.shell:Creating prefix chain script '/home/adam/dev_ws/install/setup.zsh'
